[debug] [2023-04-03T12:20:13.235Z] ----------------------------------------------------------------------
[debug] [2023-04-03T12:20:13.240Z] Command:       C:\Program Files\nodejs\node.exe C:\Users\zoran\AppData\Roaming\npm\node_modules\firebase-tools\lib\bin\firebase.js init
[debug] [2023-04-03T12:20:13.241Z] CLI Version:   11.25.2
[debug] [2023-04-03T12:20:13.242Z] Platform:      win32
[debug] [2023-04-03T12:20:13.242Z] Node Version:  v18.12.1
[debug] [2023-04-03T12:20:13.244Z] Time:          Mon Apr 03 2023 15:20:13 GMT+0300 (Източноевропейско лятно часово време)
[debug] [2023-04-03T12:20:13.244Z] ----------------------------------------------------------------------
[debug] 
[debug] [2023-04-03T12:20:13.262Z] > command requires scopes: ["email","openid","https://www.googleapis.com/auth/cloudplatformprojects.readonly","https://www.googleapis.com/auth/firebase","https://www.googleapis.com/auth/cloud-platform"]
[debug] [2023-04-03T12:20:13.263Z] > authorizing via signed-in user (zoran902@gmail.com)
[info] 
     ######## #### ########  ######## ########     ###     ######  ########
     ##        ##  ##     ## ##       ##     ##  ##   ##  ##       ##
     ######    ##  ########  ######   ########  #########  ######  ######
     ##        ##  ##    ##  ##       ##     ## ##     ##       ## ##
     ##       #### ##     ## ######## ########  ##     ##  ######  ########

You're about to initialize a Firebase project in this directory:

  C:\Users\zoran\Desktop\pet-net

[info] 
=== Project Setup
[info] 
[info] First, let's associate this project directory with a Firebase project.
[info] You can create multiple project aliases by running firebase use --add, 
[info] but for now we'll just set up a default project.
[info] 
[debug] [2023-04-03T12:21:06.748Z] > refreshing access token with scopes: []
[debug] [2023-04-03T12:21:06.753Z] >>> [apiv2][query] POST https://www.googleapis.com/oauth2/v3/token [none]
[debug] [2023-04-03T12:21:06.753Z] >>> [apiv2][body] POST https://www.googleapis.com/oauth2/v3/token [omitted]
[debug] [2023-04-03T12:21:07.116Z] <<< [apiv2][status] POST https://www.googleapis.com/oauth2/v3/token 200
[debug] [2023-04-03T12:21:07.117Z] <<< [apiv2][body] POST https://www.googleapis.com/oauth2/v3/token [omitted]
[debug] [2023-04-03T12:21:07.155Z] >>> [apiv2][query] GET https://firebase.googleapis.com/v1beta1/projects pageSize=100
[debug] [2023-04-03T12:21:07.995Z] <<< [apiv2][status] GET https://firebase.googleapis.com/v1beta1/projects 200
[debug] [2023-04-03T12:21:07.995Z] <<< [apiv2][body] GET https://firebase.googleapis.com/v1beta1/projects [omitted]
[info] i  Using project pet-net-a4c29 (pet-net) 
[info] 
=== Hosting Setup
[info] 
[info] Your public directory is the folder (relative to your project directory) that
[info] will contain Hosting assets to be uploaded with firebase deploy. If you
[info] have a build process for your assets, use your build's output directory.
[info] 
[info] +  Wrote public/404.html 
[debug] [2023-04-03T12:22:37.617Z] >>> [apiv2][query] GET https://www.gstatic.com/firebasejs/releases.json [none]
[debug] [2023-04-03T12:22:37.773Z] <<< [apiv2][status] GET https://www.gstatic.com/firebasejs/releases.json 200
[debug] [2023-04-03T12:22:37.774Z] <<< [apiv2][body] GET https://www.gstatic.com/firebasejs/releases.json {"current":{"version":"9.19.1","browserURL":"https://www.gstatic.com/firebasejs/9.19.1/firebase.js","packageURL":"https://www.gstatic.com/firebasejs/9.19.1/firebase.tgz"},"live":{"version":"9.19","browserURL":"https://www.gstatic.com/firebasejs/live/9.19/firebase.js","packageURL":"https://www.gstatic.com/firebasejs/live/9.19/firebase.tgz"},"components":{"analytics":"https://www.gstatic.com/firebasejs/9.19.1/firebase-analytics.js","app":"https://www.gstatic.com/firebasejs/9.19.1/firebase-app.js","app-check":"https://www.gstatic.com/firebasejs/9.19.1/firebase-app-check.js","auth":"https://www.gstatic.com/firebasejs/9.19.1/firebase-auth.js","auth/cordova":"https://www.gstatic.com/firebasejs/9.19.1/firebase-auth/cordova.js","auth/react-native":"https://www.gstatic.com/firebasejs/9.19.1/firebase-auth/react-native.js","functions":"https://www.gstatic.com/firebasejs/9.19.1/firebase-functions.js","firestore":"https://www.gstatic.com/firebasejs/9.19.1/firebase-firestore.js","firestore/lite":"https://www.gstatic.com/firebasejs/9.19.1/firebase-firestore/lite.js","installations":"https://www.gstatic.com/firebasejs/9.19.1/firebase-installations.js","storage":"https://www.gstatic.com/firebasejs/9.19.1/firebase-storage.js","performance":"https://www.gstatic.com/firebasejs/9.19.1/firebase-performance.js","remote-config":"https://www.gstatic.com/firebasejs/9.19.1/firebase-remote-config.js","messaging":"https://www.gstatic.com/firebasejs/9.19.1/firebase-messaging.js","messaging/sw":"https://www.gstatic.com/firebasejs/9.19.1/firebase-messaging/sw.js","database":"https://www.gstatic.com/firebasejs/9.19.1/firebase-database.js","firestore.memory":"https://www.gstatic.com/firebasejs/9.19.1/firebase-firestore.memory.js"}}
[info] i  Skipping write of public/index.html 
[info] 
[info] i  Detected a .git folder at C:\Users\zoran\Desktop\pet-net 
[info] i  Authorizing with GitHub to upload your service account to a GitHub repository's secrets store. 
[info] 
[info] Visit this URL on this device to log in:
[info] https://github.com/login/oauth/authorize?client_id=89cf50f02ac6aaed3484&state=60965422&redirect_uri=http%3A%2F%2Flocalhost%3A9005&scope=read%3Auser%20repo%20public_repo
[info] 
[info] Waiting for authentication...
[debug] [2023-04-03T12:22:46.894Z] >>> [apiv2][query] POST https://github.com/login/oauth/access_token [none]
[debug] [2023-04-03T12:22:46.894Z] >>> [apiv2][body] POST https://github.com/login/oauth/access_token [stream]
[debug] [2023-04-03T12:22:47.266Z] <<< [apiv2][status] POST https://github.com/login/oauth/access_token 200
[debug] [2023-04-03T12:22:47.267Z] <<< [apiv2][body] POST https://github.com/login/oauth/access_token {"access_token":"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","token_type":"bearer","scope":"read:user,repo"}
[debug] [2023-04-03T12:22:47.294Z] >>> [apiv2][query] GET https://api.github.com/user [none]
[debug] [2023-04-03T12:22:47.780Z] <<< [apiv2][status] GET https://api.github.com/user 200
[debug] [2023-04-03T12:22:47.781Z] <<< [apiv2][body] GET https://api.github.com/user {"login":"ZoranNikolov","id":101873173,"node_id":"U_kgDOBhJ2FQ","avatar_url":"https://avatars.githubusercontent.com/u/101873173?v=4","gravatar_id":"","url":"https://api.github.com/users/ZoranNikolov","html_url":"https://github.com/ZoranNikolov","followers_url":"https://api.github.com/users/ZoranNikolov/followers","following_url":"https://api.github.com/users/ZoranNikolov/following{/other_user}","gists_url":"https://api.github.com/users/ZoranNikolov/gists{/gist_id}","starred_url":"https://api.github.com/users/ZoranNikolov/starred{/owner}{/repo}","subscriptions_url":"https://api.github.com/users/ZoranNikolov/subscriptions","organizations_url":"https://api.github.com/users/ZoranNikolov/orgs","repos_url":"https://api.github.com/users/ZoranNikolov/repos","events_url":"https://api.github.com/users/ZoranNikolov/events{/privacy}","received_events_url":"https://api.github.com/users/ZoranNikolov/received_events","type":"User","site_admin":false,"name":"Zoran Nikolov","company":null,"blog":"https://www.linkedin.com/in/zoran-nikolov-1b6843110/","location":"Ruse, Bulgaria","email":null,"hireable":null,"bio":"JavaScript student at SoftUni.","twitter_username":null,"public_repos":4,"public_gists":8,"followers":78,"following":58,"created_at":"2022-03-18T11:51:39Z","updated_at":"2023-04-03T10:35:55Z","private_gists":0,"total_private_repos":1,"owned_private_repos":1,"disk_usage":355330,"collaborators":0,"two_factor_authentication":false,"plan":{"name":"free","space":976562499,"collaborators":0,"private_repos":10000}}
[info] 
[info] +  Success! Logged into GitHub as ZoranNikolov 
[info] 
